TN:
SF:src/app.ts
FN:43,(anonymous_1)
FNF:1
FNH:0
FNDA:0,(anonymous_1)
DA:1,0
DA:2,0
DA:3,0
DA:4,0
DA:5,0
DA:6,0
DA:7,0
DA:8,0
DA:11,0
DA:14,0
DA:15,0
DA:22,0
DA:23,0
DA:24,0
DA:25,0
DA:26,0
DA:27,0
DA:32,0
DA:43,0
DA:44,0
DA:48,0
DA:51,0
DA:52,0
LF:23
LH:0
BRF:0
BRH:0
end_of_record
TN:
SF:src/server.ts
FN:5,run
FN:24,(anonymous_16)
FN:26,(anonymous_17)
FN:26,(anonymous_18)
FN:28,(anonymous_19)
FN:28,(anonymous_20)
FN:42,(anonymous_21)
FN:51,(anonymous_22)
FNF:8
FNH:0
FNDA:0,run
FNDA:0,(anonymous_16)
FNDA:0,(anonymous_17)
FNDA:0,(anonymous_18)
FNDA:0,(anonymous_19)
FNDA:0,(anonymous_20)
FNDA:0,(anonymous_21)
FNDA:0,(anonymous_22)
DA:1,0
DA:2,0
DA:3,0
DA:4,0
DA:6,0
DA:7,0
DA:9,0
DA:17,0
DA:21,0
DA:22,0
DA:24,0
DA:26,0
DA:27,0
DA:28,0
DA:29,0
DA:30,0
DA:31,0
DA:34,0
DA:37,0
DA:38,0
DA:39,0
DA:42,0
DA:43,0
DA:44,0
DA:47,0
DA:48,0
DA:51,0
DA:52,0
DA:53,0
DA:55,0
DA:59,0
DA:63,0
LF:32
LH:0
BRDA:7,0,0,0
BRDA:7,0,1,0
BRDA:11,1,0,0
BRDA:11,1,1,0
BRDA:13,2,0,0
BRDA:13,2,1,0
BRDA:27,3,0,0
BRDA:27,3,1,0
BRDA:53,4,0,0
BRF:9
BRH:0
end_of_record
TN:
SF:src/controllers/student.controller.ts
FN:22,(anonymous_12)
FNF:1
FNH:0
FNDA:0,(anonymous_12)
DA:2,0
DA:3,0
DA:12,0
DA:13,0
DA:14,0
DA:18,0
DA:22,0
DA:26,0
DA:27,0
DA:28,0
DA:29,0
DA:30,0
DA:32,0
DA:38,0
LF:14
LH:0
BRF:0
BRH:0
end_of_record
TN:
SF:src/database/index.ts
FN:9,(anonymous_8)
FN:13,(anonymous_9)
FN:21,(anonymous_10)
FN:25,(anonymous_11)
FN:26,(anonymous_12)
FN:30,(anonymous_13)
FN:34,(anonymous_14)
FN:39,(anonymous_15)
FN:39,(anonymous_16)
FN:49,(anonymous_17)
FNF:10
FNH:10
FNDA:4,(anonymous_8)
FNDA:3,(anonymous_9)
FNDA:3,(anonymous_10)
FNDA:4,(anonymous_11)
FNDA:2,(anonymous_12)
FNDA:1,(anonymous_13)
FNDA:3,(anonymous_14)
FNDA:3,(anonymous_15)
FNDA:3,(anonymous_16)
FNDA:4,(anonymous_17)
DA:1,1
DA:4,1
DA:6,4
DA:7,4
DA:10,4
DA:14,3
DA:15,1
DA:18,3
DA:22,3
DA:26,4
DA:27,2
DA:30,4
DA:31,1
DA:34,4
DA:35,3
DA:39,3
DA:40,3
DA:41,3
DA:42,3
DA:43,2
DA:45,1
DA:50,4
DA:51,4
DA:52,4
LF:24
LH:24
BRDA:14,0,0,1
BRF:1
BRH:1
end_of_record
TN:
SF:src/database/models/student.model.ts
FNF:0
FNH:0
DA:1,0
DA:3,0
DA:43,0
LF:3
LH:0
BRF:0
BRH:0
end_of_record
TN:
SF:src/database/repositories/student.repository.ts
FN:6,(anonymous_7)
FN:6,(anonymous_8)
FN:37,(anonymous_9)
FNF:3
FNH:0
FNDA:0,(anonymous_7)
FNDA:0,(anonymous_8)
FNDA:0,(anonymous_9)
DA:1,0
DA:3,0
DA:5,0
DA:6,0
DA:16,0
DA:17,0
DA:28,0
DA:29,0
DA:31,0
DA:33,0
DA:38,0
DA:39,0
DA:42,0
DA:44,0
LF:14
LH:0
BRDA:28,0,0,0
BRF:1
BRH:0
end_of_record
TN:
SF:src/error/base-custom-error.ts
FN:6,(anonymous_1)
FN:16,(anonymous_2)
FN:22,(anonymous_3)
FNF:3
FNH:3
FNDA:28,(anonymous_1)
FNDA:2,(anonymous_2)
FNDA:16,(anonymous_3)
DA:1,9
DA:3,9
DA:7,28
DA:8,28
DA:11,28
DA:17,2
DA:21,9
DA:23,16
LF:8
LH:8
BRDA:22,0,0,15
BRF:1
BRH:1
end_of_record
TN:
SF:src/middlewares/authorize.ts
FN:12,(anonymous_8)
FN:13,(anonymous_9)
FN:13,(anonymous_10)
FNF:3
FNH:3
FNDA:1,(anonymous_8)
FNDA:1,(anonymous_9)
FNDA:1,(anonymous_10)
DA:2,1
DA:3,1
DA:4,1
DA:6,1
DA:12,1
DA:13,1
DA:14,1
DA:15,1
DA:16,1
DA:18,1
DA:19,1
DA:20,0
DA:25,1
DA:27,1
DA:28,1
DA:30,0
DA:31,0
DA:32,0
DA:34,0
LF:19
LH:14
BRDA:15,0,0,0
BRDA:15,0,1,1
BRDA:15,1,0,1
BRDA:15,1,1,1
BRDA:19,2,0,0
BRDA:31,3,0,0
BRF:6
BRH:3
end_of_record
TN:
SF:src/middlewares/errorsHandler.ts
FN:5,(anonymous_7)
FN:5,(anonymous_8)
FNF:2
FNH:2
FNDA:2,(anonymous_7)
FNDA:2,(anonymous_8)
DA:2,1
DA:5,2
DA:6,2
DA:7,1
DA:8,1
DA:16,2
LF:6
LH:6
BRDA:6,0,0,1
BRF:1
BRH:1
end_of_record
TN:
SF:src/middlewares/logger-handler.ts
FN:5,loggerMiddleware
FN:13,(anonymous_2)
FNF:2
FNH:2
FNDA:1,loggerMiddleware
FNDA:1,(anonymous_2)
DA:2,1
DA:3,1
DA:6,1
DA:7,1
DA:13,1
DA:14,1
DA:22,1
DA:25,1
LF:8
LH:8
BRF:0
BRH:0
end_of_record
TN:
SF:src/middlewares/require-auth.ts
FN:9,(anonymous_8)
FN:13,(anonymous_9)
FNF:2
FNH:2
FNDA:4,(anonymous_8)
FNDA:4,(anonymous_9)
DA:2,1
DA:3,1
DA:4,1
DA:9,1
DA:13,4
DA:15,4
DA:16,4
DA:17,4
DA:18,1
DA:20,3
DA:21,3
DA:23,1
DA:24,0
DA:26,1
DA:27,1
DA:29,3
DA:30,2
DA:32,3
LF:18
LH:17
BRDA:17,0,0,1
BRDA:23,1,0,0
BRDA:29,2,0,2
BRF:3
BRH:2
end_of_record
TN:
SF:src/middlewares/student-validate.ts
FN:6,(anonymous_8)
FN:7,(anonymous_9)
FN:7,(anonymous_10)
FN:13,(anonymous_11)
FNF:4
FNH:4
FNDA:4,(anonymous_8)
FNDA:4,(anonymous_9)
FNDA:4,(anonymous_10)
FNDA:4,(anonymous_11)
DA:2,1
DA:3,1
DA:4,1
DA:6,1
DA:7,4
DA:8,4
DA:9,4
DA:10,1
DA:12,3
DA:13,2
DA:14,4
DA:16,2
DA:18,3
DA:19,3
LF:14
LH:14
BRDA:12,0,0,2
BRF:1
BRH:1
end_of_record
TN:
SF:src/routes/path-defs.ts
FNF:0
FNH:0
DA:2,1
DA:7,1
LF:2
LH:2
BRF:0
BRH:0
end_of_record
TN:
SF:src/routes/v1/routes.ts
FN:30,RegisterRoutes
FN:39,StudentController_Signup
FNF:2
FNH:0
FNDA:0,RegisterRoutes
FNDA:0,StudentController_Signup
DA:4,0
DA:6,0
DA:13,0
DA:26,0
DA:30,0
DA:35,0
DA:40,0
DA:47,0
DA:48,0
DA:49,0
DA:51,0
DA:53,0
DA:62,0
LF:13
LH:0
BRF:0
BRH:0
end_of_record
TN:
SF:src/routes/v1/student.route.ts
FN:12,(anonymous_8)
FN:12,(anonymous_9)
FNF:2
FNH:0
FNDA:0,(anonymous_8)
FNDA:0,(anonymous_9)
DA:1,0
DA:2,0
DA:3,0
DA:4,0
DA:5,0
DA:6,0
DA:7,0
DA:10,0
DA:12,0
DA:13,0
DA:14,0
DA:16,0
DA:17,0
DA:19,0
DA:21,0
DA:25,0
LF:16
LH:0
BRF:0
BRH:0
end_of_record
TN:
SF:src/schemas/student-validate.ts
FNF:0
FNH:0
DA:1,1
DA:3,1
LF:2
LH:2
BRF:0
BRH:0
end_of_record
TN:
SF:src/services/student-services.ts
FN:10,(anonymous_8)
FN:14,(anonymous_9)
FN:14,(anonymous_10)
FNF:3
FNH:0
FNDA:0,(anonymous_8)
FNDA:0,(anonymous_9)
FNDA:0,(anonymous_10)
DA:1,0
DA:2,0
DA:3,0
DA:4,0
DA:5,0
DA:8,0
DA:11,0
DA:14,0
DA:21,0
DA:22,0
DA:24,0
DA:25,0
DA:26,0
DA:31,0
DA:33,0
DA:34,0
DA:45,0
DA:46,0
DA:48,0
LF:19
LH:0
BRDA:25,0,0,0
BRF:1
BRH:0
end_of_record
TN:
SF:src/utils/config.ts
FN:4,createConfig
FN:9,(anonymous_2)
FN:31,(anonymous_3)
FNF:3
FNH:3
FNDA:4,createConfig
FNDA:20,(anonymous_2)
FNDA:4,(anonymous_3)
DA:1,3
DA:2,3
DA:3,3
DA:5,4
DA:8,4
DA:9,20
DA:11,4
DA:12,1
DA:18,3
DA:31,3
DA:33,4
DA:36,4
DA:39,3
LF:13
LH:13
BRDA:11,0,0,1
BRDA:31,1,0,2
BRDA:33,2,0,4
BRDA:33,2,1,0
BRF:4
BRH:3
end_of_record
TN:
SF:src/utils/date-generate.ts
FN:1,GenerateTimeExpire
FNF:1
FNH:1
FNDA:2,GenerateTimeExpire
DA:1,1
DA:2,2
DA:3,2
DA:4,2
LF:4
LH:4
BRF:0
BRH:0
end_of_record
TN:
SF:src/utils/http-status-code.ts
FN:1,(anonymous_0)
FNF:1
FNH:1
FNDA:9,(anonymous_0)
DA:1,9
DA:3,9
DA:4,9
DA:5,9
DA:8,9
DA:9,9
DA:10,9
DA:11,9
DA:12,9
DA:13,9
DA:14,9
DA:15,9
DA:16,9
DA:17,9
DA:20,9
DA:21,9
DA:22,9
DA:23,9
DA:24,9
DA:25,9
DA:26,9
DA:27,9
DA:30,9
DA:31,9
DA:32,9
DA:33,9
DA:34,9
DA:35,9
DA:36,9
DA:37,9
DA:38,9
DA:39,9
DA:40,9
DA:41,9
DA:42,9
DA:43,9
DA:44,9
DA:45,9
DA:46,9
DA:47,9
DA:48,9
DA:49,9
DA:50,9
DA:51,9
DA:52,9
DA:53,9
DA:54,9
DA:55,9
DA:56,9
DA:57,9
DA:58,9
DA:61,9
DA:62,9
DA:63,9
DA:64,9
DA:65,9
DA:66,9
DA:67,9
DA:68,9
DA:69,9
DA:70,9
DA:71,9
DA:74,9
LF:63
LH:63
BRDA:1,0,0,9
BRDA:1,0,1,9
BRF:2
BRH:2
end_of_record
TN:
SF:src/utils/htttp-request.ts
FN:7,(anonymous_8)
FN:7,(anonymous_9)
FNF:2
FNH:2
FNDA:4,(anonymous_8)
FNDA:4,(anonymous_9)
DA:1,1
DA:2,1
DA:3,1
DA:4,1
DA:5,1
DA:7,4
DA:8,4
DA:9,4
DA:10,4
DA:11,4
DA:12,1
DA:13,0
DA:17,1
DA:19,3
DA:20,2
DA:21,2
DA:22,1
DA:23,1
DA:24,1
DA:26,2
DA:28,1
DA:29,1
LF:22
LH:21
BRDA:12,0,0,0
BRDA:19,1,0,2
BRDA:19,1,1,1
BRDA:21,2,0,1
BRF:4
BRH:3
end_of_record
TN:
SF:src/utils/jwt.ts
FN:11,(anonymous_8)
FN:11,(anonymous_9)
FN:22,(anonymous_10)
FN:22,(anonymous_11)
FNF:4
FNH:4
FNDA:2,(anonymous_8)
FNDA:2,(anonymous_9)
FNDA:2,(anonymous_10)
FNDA:2,(anonymous_11)
DA:1,1
DA:2,1
DA:3,1
DA:4,1
DA:5,1
DA:6,1
DA:7,1
DA:9,1
DA:11,2
DA:12,2
DA:13,2
DA:14,1
DA:16,1
DA:20,1
DA:22,2
DA:23,2
DA:27,2
DA:28,2
DA:33,1
LF:19
LH:19
BRDA:34,0,0,1
BRDA:34,0,1,0
BRF:2
BRH:1
end_of_record
TN:
SF:src/utils/logger.ts
FN:14,(anonymous_1)
FN:19,(anonymous_2)
FN:44,(anonymous_3)
FNF:3
FNH:3
FNDA:1,(anonymous_1)
FNDA:4,(anonymous_2)
FNDA:2,(anonymous_3)
DA:1,4
DA:2,4
DA:4,4
DA:7,4
DA:14,1
DA:19,4
DA:27,4
DA:34,4
DA:35,2
DA:44,4
DA:45,2
DA:46,2
LF:12
LH:12
BRDA:34,0,0,2
BRF:1
BRH:1
end_of_record
