TN:
SF:src\app.ts
FN:45,(anonymous_1)
FNF:1
FNH:0
FNDA:0,(anonymous_1)
DA:1,0
DA:2,0
DA:3,0
DA:4,0
DA:5,0
DA:6,0
DA:7,0
DA:8,0
DA:9,0
DA:11,0
DA:13,0
DA:14,0
DA:18,0
DA:19,0
DA:26,0
DA:27,0
DA:28,0
DA:29,0
DA:30,0
DA:31,0
DA:33,0
DA:34,0
DA:35,0
DA:38,0
DA:45,0
DA:46,0
DA:54,0
DA:55,0
LF:28
LH:0
BRF:0
BRH:0
end_of_record
TN:
SF:src\server.ts
FN:10,initializeConfig
FN:23,initializeQueueConnection
FN:27,initializeDatabase
FN:33,startServer
FN:34,(anonymous_16)
FN:39,run
FN:49,(anonymous_19)
FN:49,(anonymous_20)
FN:51,(anonymous_21)
FN:51,(anonymous_22)
FN:64,(anonymous_23)
FN:71,(anonymous_24)
FNF:12
FNH:0
FNDA:0,initializeConfig
FNDA:0,initializeQueueConnection
FNDA:0,initializeDatabase
FNDA:0,startServer
FNDA:0,(anonymous_16)
FNDA:0,run
FNDA:0,(anonymous_19)
FNDA:0,(anonymous_20)
FNDA:0,(anonymous_21)
FNDA:0,(anonymous_22)
FNDA:0,(anonymous_23)
FNDA:0,(anonymous_24)
DA:1,0
DA:2,0
DA:3,0
DA:4,0
DA:6,0
DA:11,0
DA:12,0
DA:20,0
DA:24,0
DA:28,0
DA:29,0
DA:30,0
DA:34,0
DA:35,0
DA:40,0
DA:41,0
DA:43,0
DA:44,0
DA:45,0
DA:46,0
DA:47,0
DA:49,0
DA:50,0
DA:51,0
DA:52,0
DA:53,0
DA:54,0
DA:55,0
DA:58,0
DA:59,0
DA:60,0
DA:64,0
DA:65,0
DA:66,0
DA:69,0
DA:70,0
DA:71,0
DA:72,0
DA:73,0
DA:76,0
DA:77,0
DA:78,0
DA:82,0
LF:43
LH:0
BRDA:11,0,0,0
BRDA:11,0,1,0
BRDA:14,1,0,0
BRDA:14,1,1,0
BRDA:16,2,0,0
BRDA:16,2,1,0
BRDA:50,3,0,0
BRDA:50,3,1,0
BRDA:53,4,0,0
BRDA:58,5,0,0
BRDA:73,6,0,0
BRDA:77,7,0,0
BRF:12
BRH:0
end_of_record
TN:
SF:src\controllers\auth.controller.ts
FN:26,(anonymous_12)
FN:40,(anonymous_14)
FN:55,(anonymous_16)
FN:69,(anonymous_18)
FN:85,(anonymous_20)
FN:98,(anonymous_22)
FN:111,(anonymous_24)
FN:124,(anonymous_26)
FNF:8
FNH:0
FNDA:0,(anonymous_12)
FNDA:0,(anonymous_14)
FNDA:0,(anonymous_16)
FNDA:0,(anonymous_18)
FNDA:0,(anonymous_20)
FNDA:0,(anonymous_22)
FNDA:0,(anonymous_24)
FNDA:0,(anonymous_26)
DA:1,0
DA:2,0
DA:3,0
DA:4,0
DA:5,0
DA:7,0
DA:18,0
DA:21,0
DA:26,0
DA:27,0
DA:28,0
DA:29,0
DA:30,0
DA:32,0
DA:34,0
DA:40,0
DA:43,0
DA:44,0
DA:45,0
DA:47,0
DA:49,0
DA:55,0
DA:56,0
DA:57,0
DA:58,0
DA:60,0
DA:62,0
DA:69,0
DA:72,0
DA:73,0
DA:74,0
DA:75,0
DA:77,0
DA:79,0
DA:85,0
DA:86,0
DA:87,0
DA:88,0
DA:90,0
DA:92,0
DA:98,0
DA:99,0
DA:100,0
DA:101,0
DA:103,0
DA:105,0
DA:111,0
DA:112,0
DA:113,0
DA:114,0
DA:115,0
DA:116,0
DA:118,0
DA:124,0
DA:125,0
DA:126,0
DA:127,0
DA:128,0
DA:130,0
DA:132,0
LF:60
LH:0
BRF:0
BRH:0
end_of_record
TN:
SF:src\controllers\crud.controller.ts
FN:6,(anonymous_7)
FNF:1
FNH:0
FNDA:0,(anonymous_7)
DA:1,0
DA:4,0
DA:7,0
DA:8,0
DA:9,0
DA:11,0
DA:13,0
LF:7
LH:0
BRF:0
BRH:0
end_of_record
TN:
SF:src\database\index.ts
FN:9,(anonymous_8)
FN:13,(anonymous_9)
FN:21,(anonymous_10)
FN:25,(anonymous_11)
FN:26,(anonymous_12)
FN:30,(anonymous_13)
FN:34,(anonymous_14)
FN:39,(anonymous_15)
FN:39,(anonymous_16)
FN:49,(anonymous_17)
FNF:10
FNH:0
FNDA:0,(anonymous_8)
FNDA:0,(anonymous_9)
FNDA:0,(anonymous_10)
FNDA:0,(anonymous_11)
FNDA:0,(anonymous_12)
FNDA:0,(anonymous_13)
FNDA:0,(anonymous_14)
FNDA:0,(anonymous_15)
FNDA:0,(anonymous_16)
FNDA:0,(anonymous_17)
DA:1,0
DA:4,0
DA:6,0
DA:7,0
DA:10,0
DA:14,0
DA:15,0
DA:18,0
DA:22,0
DA:26,0
DA:27,0
DA:30,0
DA:31,0
DA:34,0
DA:35,0
DA:39,0
DA:40,0
DA:41,0
DA:42,0
DA:43,0
DA:45,0
DA:50,0
DA:51,0
DA:52,0
LF:24
LH:0
BRDA:14,0,0,0
BRF:1
BRH:0
end_of_record
TN:
SF:src\database\models\account-verification.model.ts
FNF:0
FNH:0
DA:1,0
DA:2,0
DA:14,0
DA:30,0
DA:35,0
LF:5
LH:0
BRF:0
BRH:0
end_of_record
TN:
SF:src\database\models\auth.model.ts
FNF:0
FNH:0
DA:1,0
DA:3,0
DA:40,0
LF:3
LH:0
BRF:0
BRH:0
end_of_record
TN:
SF:src\database\repositories\account-verification.repository.ts
FN:5,(anonymous_8)
FN:5,(anonymous_9)
FN:25,(anonymous_10)
FN:25,(anonymous_11)
FN:36,(anonymous_12)
FN:36,(anonymous_13)
FN:39,(anonymous_14)
FN:39,(anonymous_15)
FNF:8
FNH:0
FNDA:0,(anonymous_8)
FNDA:0,(anonymous_9)
FNDA:0,(anonymous_10)
FNDA:0,(anonymous_11)
FNDA:0,(anonymous_12)
FNDA:0,(anonymous_13)
FNDA:0,(anonymous_14)
FNDA:0,(anonymous_15)
DA:2,0
DA:4,0
DA:5,0
DA:12,0
DA:13,0
DA:18,0
DA:19,0
DA:21,0
DA:25,0
DA:26,0
DA:27,0
DA:31,0
DA:33,0
DA:36,0
DA:37,0
DA:39,0
DA:40,0
DA:41,0
DA:45,0
LF:19
LH:0
BRF:0
BRH:0
end_of_record
TN:
SF:src\database\repositories\auth.respository.ts
FN:8,(anonymous_8)
FN:8,(anonymous_9)
FN:31,(anonymous_10)
FN:31,(anonymous_11)
FN:65,(anonymous_12)
FN:65,(anonymous_13)
FN:74,(anonymous_14)
FN:74,(anonymous_15)
FN:84,(anonymous_16)
FN:84,(anonymous_17)
FN:96,(anonymous_18)
FN:96,(anonymous_19)
FNF:12
FNH:0
FNDA:0,(anonymous_8)
FNDA:0,(anonymous_9)
FNDA:0,(anonymous_10)
FNDA:0,(anonymous_11)
FNDA:0,(anonymous_12)
FNDA:0,(anonymous_13)
FNDA:0,(anonymous_14)
FNDA:0,(anonymous_15)
FNDA:0,(anonymous_16)
FNDA:0,(anonymous_17)
FNDA:0,(anonymous_18)
FNDA:0,(anonymous_19)
DA:1,0
DA:3,0
DA:4,0
DA:6,0
DA:7,0
DA:8,0
DA:9,0
DA:10,0
DA:11,0
DA:12,0
DA:15,0
DA:21,0
DA:22,0
DA:25,0
DA:27,0
DA:31,0
DA:41,0
DA:42,0
DA:52,0
DA:53,0
DA:54,0
DA:56,0
DA:58,0
DA:65,0
DA:66,0
DA:67,0
DA:68,0
DA:70,0
DA:71,0
DA:74,0
DA:75,0
DA:76,0
DA:78,0
DA:80,0
DA:84,0
DA:85,0
DA:86,0
DA:90,0
DA:92,0
DA:96,0
DA:100,0
DA:101,0
DA:102,0
DA:103,0
DA:105,0
DA:108,0
LF:46
LH:0
BRDA:11,0,0,0
BRDA:21,1,0,0
BRDA:53,2,0,0
BRDA:102,3,0,0
BRF:4
BRH:0
end_of_record
TN:
SF:src\error\base-custom-error.ts
FN:6,(anonymous_1)
FN:16,(anonymous_2)
FN:22,(anonymous_3)
FNF:3
FNH:0
FNDA:0,(anonymous_1)
FNDA:0,(anonymous_2)
FNDA:0,(anonymous_3)
DA:1,0
DA:3,0
DA:7,0
DA:8,0
DA:11,0
DA:17,0
DA:21,0
DA:23,0
LF:8
LH:0
BRDA:22,0,0,0
BRF:1
BRH:0
end_of_record
TN:
SF:src\middlewares\errorsHandler.ts
FN:5,(anonymous_7)
FN:5,(anonymous_8)
FNF:2
FNH:0
FNDA:0,(anonymous_7)
FNDA:0,(anonymous_8)
DA:2,0
DA:5,0
DA:6,0
DA:7,0
DA:8,0
DA:16,0
LF:6
LH:0
BRDA:6,0,0,0
BRF:1
BRH:0
end_of_record
TN:
SF:src\middlewares\logger-handler.ts
FN:5,loggerMiddleware
FN:13,(anonymous_2)
FNF:2
FNH:0
FNDA:0,loggerMiddleware
FNDA:0,(anonymous_2)
DA:2,0
DA:3,0
DA:6,0
DA:7,0
DA:13,0
DA:14,0
DA:22,0
DA:25,0
LF:8
LH:0
BRF:0
BRH:0
end_of_record
TN:
SF:src\middlewares\user-validate-middleware.ts
FN:4,(anonymous_7)
FN:5,(anonymous_8)
FN:5,(anonymous_9)
FN:11,(anonymous_10)
FNF:4
FNH:0
FNDA:0,(anonymous_7)
FNDA:0,(anonymous_8)
FNDA:0,(anonymous_9)
FNDA:0,(anonymous_10)
DA:2,0
DA:4,0
DA:5,0
DA:6,0
DA:7,0
DA:8,0
DA:10,0
DA:11,0
DA:12,0
DA:14,0
DA:16,0
DA:17,0
LF:12
LH:0
BRDA:10,0,0,0
BRF:1
BRH:0
end_of_record
TN:
SF:src\queue\auth.producer.ts
FN:5,publishDirectMessage
FNF:1
FNH:0
FNDA:0,publishDirectMessage
DA:2,0
DA:3,0
DA:5,0
DA:12,0
DA:13,0
DA:14,0
DA:16,0
DA:17,0
DA:18,0
DA:19,0
DA:21,0
LF:11
LH:0
BRDA:13,0,0,0
BRF:1
BRH:0
end_of_record
TN:
SF:src\queue\connection.queue.ts
FN:5,createQueueConnection
FN:25,closeConnection
FN:29,(anonymous_12)
FN:29,(anonymous_13)
FNF:4
FNH:0
FNDA:0,createQueueConnection
FNDA:0,closeConnection
FNDA:0,(anonymous_12)
FNDA:0,(anonymous_13)
DA:1,0
DA:2,0
DA:3,0
DA:5,0
DA:6,0
DA:7,0
DA:8,0
DA:11,0
DA:12,0
DA:14,0
DA:15,0
DA:16,0
DA:17,0
DA:18,0
DA:20,0
DA:21,0
DA:25,0
DA:29,0
DA:30,0
DA:31,0
LF:20
LH:0
BRDA:11,0,0,0
BRF:1
BRH:0
end_of_record
TN:
SF:src\routes\path-defs.ts
FNF:0
FNH:0
DA:1,0
DA:18,0
DA:23,0
LF:3
LH:0
BRF:0
BRH:0
end_of_record
TN:
SF:src\routes\v1\auth.route.ts
FN:12,(anonymous_8)
FN:12,(anonymous_9)
FN:27,(anonymous_10)
FN:27,(anonymous_11)
FN:43,(anonymous_12)
FN:43,(anonymous_13)
FN:54,(anonymous_14)
FN:54,(anonymous_15)
FN:69,(anonymous_16)
FN:69,(anonymous_17)
FN:86,(anonymous_18)
FN:86,(anonymous_19)
FN:102,(anonymous_20)
FN:102,(anonymous_21)
FN:118,(anonymous_22)
FN:118,(anonymous_23)
FN:134,(anonymous_24)
FN:134,(anonymous_25)
FN:153,(anonymous_26)
FN:153,(anonymous_27)
FN:165,(anonymous_28)
FN:165,(anonymous_29)
FNF:22
FNH:0
FNDA:0,(anonymous_8)
FNDA:0,(anonymous_9)
FNDA:0,(anonymous_10)
FNDA:0,(anonymous_11)
FNDA:0,(anonymous_12)
FNDA:0,(anonymous_13)
FNDA:0,(anonymous_14)
FNDA:0,(anonymous_15)
FNDA:0,(anonymous_16)
FNDA:0,(anonymous_17)
FNDA:0,(anonymous_18)
FNDA:0,(anonymous_19)
FNDA:0,(anonymous_20)
FNDA:0,(anonymous_21)
FNDA:0,(anonymous_22)
FNDA:0,(anonymous_23)
FNDA:0,(anonymous_24)
FNDA:0,(anonymous_25)
FNDA:0,(anonymous_26)
FNDA:0,(anonymous_27)
FNDA:0,(anonymous_28)
FNDA:0,(anonymous_29)
DA:1,0
DA:2,0
DA:3,0
DA:4,0
DA:5,0
DA:6,0
DA:7,0
DA:10,0
DA:12,0
DA:13,0
DA:14,0
DA:15,0
DA:16,0
DA:18,0
DA:22,0
DA:27,0
DA:28,0
DA:29,0
DA:31,0
DA:32,0
DA:34,0
DA:40,0
DA:43,0
DA:45,0
DA:46,0
DA:50,0
DA:54,0
DA:55,0
DA:56,0
DA:57,0
DA:58,0
DA:60,0
DA:65,0
DA:69,0
DA:70,0
DA:71,0
DA:72,0
DA:73,0
DA:74,0
DA:76,0
DA:81,0
DA:86,0
DA:87,0
DA:88,0
DA:89,0
DA:90,0
DA:92,0
DA:98,0
DA:102,0
DA:103,0
DA:104,0
DA:105,0
DA:106,0
DA:108,0
DA:112,0
DA:116,0
DA:118,0
DA:119,0
DA:120,0
DA:121,0
DA:122,0
DA:123,0
DA:124,0
DA:126,0
DA:132,0
DA:134,0
DA:135,0
DA:136,0
DA:138,0
DA:139,0
DA:140,0
DA:142,0
DA:148,0
DA:153,0
DA:154,0
DA:155,0
DA:156,0
DA:157,0
DA:158,0
DA:159,0
DA:161,0
DA:165,0
DA:166,0
DA:167,0
DA:168,0
DA:169,0
DA:170,0
DA:172,0
DA:178,0
DA:184,0
LF:90
LH:0
BRDA:70,0,0,0
BRDA:70,0,1,0
BRDA:70,1,0,0
BRDA:70,1,1,0
BRF:4
BRH:0
end_of_record
TN:
SF:src\routes\v1\crud.route.ts
FN:8,(anonymous_8)
FN:8,(anonymous_9)
FNF:2
FNH:0
FNDA:0,(anonymous_8)
FNDA:0,(anonymous_9)
DA:1,0
DA:2,0
DA:3,0
DA:4,0
DA:6,0
DA:8,0
DA:9,0
DA:10,0
DA:11,0
DA:12,0
DA:14,0
DA:19,0
DA:23,0
LF:13
LH:0
BRF:0
BRH:0
end_of_record
TN:
SF:src\routes\v1\routes.ts
FN:48,RegisterRoutes
FN:57,AuthController_Singup
FN:87,AuthController_VerifySignupEmail
FN:117,AuthController_VerifyResetPasswordEmail
FN:147,AuthController_Login
FN:177,AuthController_GoogleOAuth
FN:207,AuthController_FacebookOAuth
FN:237,AuthController_RequestResetPassword
FN:267,AuthController_ConfirmResetPassword
FNF:9
FNH:0
FNDA:0,RegisterRoutes
FNDA:0,AuthController_Singup
FNDA:0,AuthController_VerifySignupEmail
FNDA:0,AuthController_VerifyResetPasswordEmail
FNDA:0,AuthController_Login
FNDA:0,AuthController_GoogleOAuth
FNDA:0,AuthController_FacebookOAuth
FNDA:0,AuthController_RequestResetPassword
FNDA:0,AuthController_ConfirmResetPassword
DA:4,0
DA:6,0
DA:13,0
DA:44,0
DA:48,0
DA:53,0
DA:58,0
DA:64,0
DA:65,0
DA:66,0
DA:68,0
DA:70,0
DA:79,0
DA:83,0
DA:88,0
DA:94,0
DA:95,0
DA:96,0
DA:98,0
DA:100,0
DA:109,0
DA:113,0
DA:118,0
DA:124,0
DA:125,0
DA:126,0
DA:128,0
DA:130,0
DA:139,0
DA:143,0
DA:148,0
DA:154,0
DA:155,0
DA:156,0
DA:158,0
DA:160,0
DA:169,0
DA:173,0
DA:178,0
DA:184,0
DA:185,0
DA:186,0
DA:188,0
DA:190,0
DA:199,0
DA:203,0
DA:208,0
DA:214,0
DA:215,0
DA:216,0
DA:218,0
DA:220,0
DA:229,0
DA:233,0
DA:238,0
DA:244,0
DA:245,0
DA:246,0
DA:248,0
DA:250,0
DA:259,0
DA:263,0
DA:268,0
DA:275,0
DA:276,0
DA:277,0
DA:279,0
DA:281,0
DA:290,0
LF:69
LH:0
BRF:0
BRH:0
end_of_record
TN:
SF:src\schemas\auth-validate.ts
FNF:0
FNH:0
DA:1,0
DA:2,0
DA:16,0
DA:18,0
DA:29,0
LF:5
LH:0
BRF:0
BRH:0
end_of_record
TN:
SF:src\schemas\teacher-validate.ts
FNF:0
FNH:0
DA:1,0
DA:3,0
LF:2
LH:0
BRF:0
BRH:0
end_of_record
TN:
SF:src\services\auth-services.ts
FN:27,(anonymous_8)
FN:33,(anonymous_9)
FN:96,(anonymous_11)
FN:173,(anonymous_13)
FN:173,(anonymous_14)
FN:180,(anonymous_15)
FN:235,(anonymous_17)
FN:299,(anonymous_19)
FN:299,(anonymous_20)
FN:342,(anonymous_21)
FNF:10
FNH:0
FNDA:0,(anonymous_8)
FNDA:0,(anonymous_9)
FNDA:0,(anonymous_11)
FNDA:0,(anonymous_13)
FNDA:0,(anonymous_14)
FNDA:0,(anonymous_15)
FNDA:0,(anonymous_17)
FNDA:0,(anonymous_19)
FNDA:0,(anonymous_20)
FNDA:0,(anonymous_21)
DA:1,0
DA:2,0
DA:8,0
DA:9,0
DA:15,0
DA:18,0
DA:19,0
DA:20,0
DA:21,0
DA:23,0
DA:28,0
DA:29,0
DA:30,0
DA:41,0
DA:42,0
DA:44,0
DA:46,0
DA:49,0
DA:50,0
DA:51,0
DA:56,0
DA:59,0
DA:66,0
DA:73,0
DA:80,0
DA:88,0
DA:89,0
DA:90,0
DA:92,0
DA:97,0
DA:98,0
DA:99,0
DA:101,0
DA:103,0
DA:105,0
DA:106,0
DA:107,0
DA:108,0
DA:109,0
DA:118,0
DA:126,0
DA:127,0
DA:128,0
DA:129,0
DA:130,0
DA:132,0
DA:133,0
DA:134,0
DA:135,0
DA:136,0
DA:139,0
DA:147,0
DA:154,0
DA:155,0
DA:156,0
DA:157,0
DA:160,0
DA:163,0
DA:165,0
DA:166,0
DA:167,0
DA:169,0
DA:173,0
DA:174,0
DA:177,0
DA:187,0
DA:188,0
DA:190,0
DA:191,0
DA:192,0
DA:195,0
DA:196,0
DA:202,0
DA:206,0
DA:207,0
DA:213,0
DA:214,0
DA:216,0
DA:217,0
DA:220,0
DA:222,0
DA:225,0
DA:227,0
DA:228,0
DA:229,0
DA:231,0
DA:244,0
DA:246,0
DA:247,0
DA:248,0
DA:251,0
DA:253,0
DA:255,0
DA:258,0
DA:259,0
DA:260,0
DA:262,0
DA:263,0
DA:264,0
DA:267,0
DA:276,0
DA:278,0
DA:285,0
DA:286,0
DA:287,0
DA:288,0
DA:290,0
DA:293,0
DA:295,0
DA:299,0
DA:300,0
DA:302,0
DA:305,0
DA:306,0
DA:310,0
DA:311,0
DA:318,0
DA:319,0
DA:326,0
DA:334,0
DA:335,0
DA:336,0
DA:338,0
DA:347,0
DA:348,0
DA:350,0
DA:352,0
DA:354,0
DA:355,0
DA:358,0
DA:363,0
DA:364,0
DA:367,0
DA:369,0
DA:370,0
DA:372,0
DA:373,0
DA:374,0
DA:376,0
LF:139
LH:0
BRDA:49,0,0,0
BRDA:50,1,0,0
BRDA:89,2,0,0
BRDA:107,3,0,0
BRDA:108,4,0,0
BRDA:156,5,0,0
BRDA:166,6,0,0
BRDA:191,7,0,0
BRDA:195,8,0,0
BRDA:206,9,0,0
BRDA:216,10,0,0
BRDA:228,11,0,0
BRDA:258,12,0,0
BRDA:287,13,0,0
BRDA:305,14,0,0
BRDA:310,15,0,0
BRDA:318,16,0,0
BRDA:335,17,0,0
BRDA:354,18,0,0
BRDA:363,19,0,0
BRDA:373,20,0,0
BRF:21
BRH:0
end_of_record
TN:
SF:src\services\crud-services.ts
FN:7,(anonymous_7)
FN:10,(anonymous_8)
FNF:2
FNH:0
FNDA:0,(anonymous_7)
FNDA:0,(anonymous_8)
DA:1,0
DA:4,0
DA:8,0
DA:12,0
DA:13,0
DA:14,0
DA:16,0
LF:7
LH:0
BRF:0
BRH:0
end_of_record
TN:
SF:src\services\verify-email-services.ts
FN:19,(anonymous_8)
FN:24,(anonymous_9)
FN:24,(anonymous_10)
FN:78,(anonymous_11)
FN:155,(anonymous_13)
FNF:5
FNH:0
FNDA:0,(anonymous_8)
FNDA:0,(anonymous_9)
FNDA:0,(anonymous_10)
FNDA:0,(anonymous_11)
FNDA:0,(anonymous_13)
DA:1,0
DA:2,0
DA:3,0
DA:4,0
DA:5,0
DA:6,0
DA:7,0
DA:8,0
DA:9,0
DA:10,0
DA:11,0
DA:12,0
DA:13,0
DA:16,0
DA:20,0
DA:21,0
DA:24,0
DA:31,0
DA:33,0
DA:36,0
DA:37,0
DA:40,0
DA:45,0
DA:49,0
DA:50,0
DA:55,0
DA:56,0
DA:64,0
DA:73,0
DA:74,0
DA:80,0
DA:83,0
DA:85,0
DA:86,0
DA:93,0
DA:94,0
DA:95,0
DA:96,0
DA:103,0
DA:107,0
DA:108,0
DA:112,0
DA:113,0
DA:120,0
DA:121,0
DA:122,0
DA:125,0
DA:133,0
DA:134,0
DA:136,0
DA:137,0
DA:144,0
DA:147,0
DA:149,0
DA:151,0
DA:156,0
DA:159,0
DA:161,0
DA:162,0
DA:169,0
DA:170,0
DA:171,0
DA:172,0
DA:179,0
DA:183,0
DA:184,0
DA:188,0
DA:189,0
DA:194,0
DA:196,0
DA:197,0
LF:71
LH:0
BRDA:49,0,0,0
BRDA:49,0,1,0
BRDA:55,1,0,0
BRDA:85,2,0,0
BRDA:94,3,0,0
BRDA:107,4,0,0
BRDA:112,5,0,0
BRDA:127,6,0,0
BRDA:127,6,1,0
BRDA:128,7,0,0
BRDA:128,7,1,0
BRDA:129,8,0,0
BRDA:129,8,1,0
BRDA:136,9,0,0
BRDA:161,10,0,0
BRDA:170,11,0,0
BRDA:183,12,0,0
BRDA:188,13,0,0
BRF:18
BRH:0
end_of_record
TN:
SF:src\utils\account-verification.ts
FN:3,generateEmailVerificationToken
FNF:1
FNH:0
FNDA:0,generateEmailVerificationToken
DA:1,0
DA:3,0
DA:4,0
LF:3
LH:0
BRF:0
BRH:0
end_of_record
TN:
SF:src\utils\config.ts
FN:4,createConfig
FN:9,(anonymous_2)
FN:31,(anonymous_3)
FNF:3
FNH:0
FNDA:0,createConfig
FNDA:0,(anonymous_2)
FNDA:0,(anonymous_3)
DA:1,0
DA:2,0
DA:3,0
DA:5,0
DA:8,0
DA:9,0
DA:11,0
DA:12,0
DA:18,0
DA:31,0
DA:33,0
DA:36,0
DA:39,0
LF:13
LH:0
BRDA:11,0,0,0
BRDA:31,1,0,0
BRDA:33,2,0,0
BRDA:33,2,1,0
BRF:4
BRH:0
end_of_record
TN:
SF:src\utils\createMessageDetails.ts
FN:3,createMessageDetails
FNF:1
FNH:0
FNDA:0,createMessageDetails
DA:1,0
DA:3,0
DA:4,0
DA:5,0
DA:6,0
LF:5
LH:0
BRDA:8,0,0,0
BRDA:8,0,1,0
BRF:2
BRH:0
end_of_record
TN:
SF:src\utils\date-generate.ts
FN:1,GenerateTimeExpire
FNF:1
FNH:0
FNDA:0,GenerateTimeExpire
DA:1,0
DA:2,0
DA:3,0
DA:4,0
LF:4
LH:0
BRF:0
BRH:0
end_of_record
TN:
SF:src\utils\http-request.ts
FN:11,(anonymous_8)
FN:11,(anonymous_9)
FN:48,(anonymous_10)
FNF:3
FNH:0
FNDA:0,(anonymous_8)
FNDA:0,(anonymous_9)
FNDA:0,(anonymous_10)
DA:1,0
DA:2,0
DA:3,0
DA:4,0
DA:6,0
DA:8,0
DA:10,0
DA:11,0
DA:18,0
DA:19,0
DA:20,0
DA:21,0
DA:23,0
DA:28,0
DA:29,0
DA:31,0
DA:33,0
DA:34,0
DA:35,0
DA:36,0
DA:37,0
DA:38,0
DA:40,0
DA:42,0
DA:43,0
DA:49,0
DA:51,0
DA:52,0
DA:53,0
DA:54,0
DA:58,0
DA:60,0
DA:61,0
DA:62,0
DA:63,0
DA:64,0
DA:65,0
DA:67,0
DA:69,0
DA:70,0
LF:40
LH:0
BRDA:28,0,0,0
BRDA:33,1,0,0
BRDA:33,1,1,0
BRDA:35,2,0,0
BRDA:53,3,0,0
BRDA:60,4,0,0
BRDA:60,4,1,0
BRDA:62,5,0,0
BRF:8
BRH:0
end_of_record
TN:
SF:src\utils\http-status-code.ts
FN:1,(anonymous_0)
FNF:1
FNH:0
FNDA:0,(anonymous_0)
DA:1,0
DA:3,0
DA:4,0
DA:5,0
DA:8,0
DA:9,0
DA:10,0
DA:11,0
DA:12,0
DA:13,0
DA:14,0
DA:15,0
DA:16,0
DA:17,0
DA:20,0
DA:21,0
DA:22,0
DA:23,0
DA:24,0
DA:25,0
DA:26,0
DA:27,0
DA:30,0
DA:31,0
DA:32,0
DA:33,0
DA:34,0
DA:35,0
DA:36,0
DA:37,0
DA:38,0
DA:39,0
DA:40,0
DA:41,0
DA:42,0
DA:43,0
DA:44,0
DA:45,0
DA:46,0
DA:47,0
DA:48,0
DA:49,0
DA:50,0
DA:51,0
DA:52,0
DA:53,0
DA:54,0
DA:55,0
DA:56,0
DA:57,0
DA:58,0
DA:61,0
DA:62,0
DA:63,0
DA:64,0
DA:65,0
DA:66,0
DA:67,0
DA:68,0
DA:69,0
DA:70,0
DA:71,0
DA:74,0
LF:63
LH:0
BRDA:1,0,0,0
BRDA:1,0,1,0
BRF:2
BRH:0
end_of_record
TN:
SF:src\utils\jwt.ts
FN:16,(anonymous_8)
FN:16,(anonymous_9)
FN:24,(anonymous_10)
FN:28,(anonymous_11)
FN:46,(anonymous_12)
FN:52,(anonymous_13)
FN:64,(anonymous_14)
FN:64,(anonymous_15)
FNF:8
FNH:0
FNDA:0,(anonymous_8)
FNDA:0,(anonymous_9)
FNDA:0,(anonymous_10)
FNDA:0,(anonymous_11)
FNDA:0,(anonymous_12)
FNDA:0,(anonymous_13)
FNDA:0,(anonymous_14)
FNDA:0,(anonymous_15)
DA:1,0
DA:2,0
DA:3,0
DA:4,0
DA:5,0
DA:6,0
DA:7,0
DA:8,0
DA:10,0
DA:12,0
DA:14,0
DA:16,0
DA:17,0
DA:18,0
DA:20,0
DA:24,0
DA:28,0
DA:29,0
DA:33,0
DA:34,0
DA:39,0
DA:46,0
DA:52,0
DA:53,0
DA:54,0
DA:58,0
DA:60,0
DA:64,0
DA:65,0
DA:66,0
DA:67,0
DA:69,0
DA:70,0
LF:33
LH:0
BRDA:40,0,0,0
BRDA:40,0,1,0
BRF:2
BRH:0
end_of_record
TN:
SF:src\utils\logger.ts
FN:14,(anonymous_1)
FN:19,(anonymous_2)
FN:44,(anonymous_3)
FNF:3
FNH:0
FNDA:0,(anonymous_1)
FNDA:0,(anonymous_2)
FNDA:0,(anonymous_3)
DA:1,0
DA:2,0
DA:4,0
DA:7,0
DA:14,0
DA:19,0
DA:27,0
DA:34,0
DA:35,0
DA:44,0
DA:45,0
DA:46,0
LF:12
LH:0
BRDA:34,0,0,0
BRF:1
BRH:0
end_of_record
TN:
SF:src\utils\oauth-configs.ts
FN:14,(anonymous_8)
FN:18,(anonymous_9)
FN:25,(anonymous_11)
FN:44,(anonymous_13)
FN:59,(anonymous_15)
FN:74,(anonymous_17)
FN:74,(anonymous_18)
FN:85,(anonymous_19)
FN:93,(anonymous_21)
FN:103,(anonymous_23)
FN:114,(anonymous_25)
FNF:11
FNH:0
FNDA:0,(anonymous_8)
FNDA:0,(anonymous_9)
FNDA:0,(anonymous_11)
FNDA:0,(anonymous_13)
FNDA:0,(anonymous_15)
FNDA:0,(anonymous_17)
FNDA:0,(anonymous_18)
FNDA:0,(anonymous_19)
FNDA:0,(anonymous_21)
FNDA:0,(anonymous_23)
FNDA:0,(anonymous_25)
DA:1,0
DA:2,0
DA:9,0
DA:11,0
DA:19,0
DA:20,0
DA:22,0
DA:29,0
DA:30,0
DA:31,0
DA:33,0
DA:34,0
DA:36,0
DA:37,0
DA:39,0
DA:45,0
DA:52,0
DA:53,0
DA:54,0
DA:56,0
DA:60,0
DA:66,0
DA:67,0
DA:68,0
DA:70,0
DA:74,0
DA:75,0
DA:76,0
DA:79,0
DA:81,0
DA:86,0
DA:87,0
DA:88,0
DA:90,0
DA:94,0
DA:95,0
DA:96,0
DA:97,0
DA:99,0
DA:104,0
DA:105,0
DA:109,0
DA:111,0
DA:118,0
DA:119,0
DA:126,0
DA:129,0
DA:131,0
DA:133,0
LF:49
LH:0
BRDA:19,0,0,0
BRDA:33,1,0,0
BRDA:33,1,1,0
BRDA:36,2,0,0
BRDA:36,2,1,0
BRDA:36,3,0,0
BRDA:36,3,1,0
BRDA:36,4,0,0
BRDA:36,4,1,0
BRDA:36,5,0,0
BRDA:36,5,1,0
BRDA:36,6,0,0
BRDA:36,6,1,0
BRF:13
BRH:0
end_of_record
